

09:55:31 AM: INFO [_internal.py:97] [31m[1mWARNING: This is a development server. Do not use it in a production deployment. Use a production WSGI server instead.[0m
 * Running on all addresses (0.0.0.0)
 * Running on http://127.0.0.1:5000
 * Running on http://10.20.142.211:5000


09:55:31 AM: INFO [_internal.py:97] [33mPress CTRL+C to quit[0m


09:55:31 AM: INFO [_internal.py:97]  * Restarting with stat


09:55:32 AM: WARNING [_internal.py:97]  * Debugger is active!


09:55:32 AM: INFO [_internal.py:97]  * Debugger PIN: 122-339-387


09:58:08 AM: INFO [_internal.py:97]  * Detected change in 'C:\\Users\\Jatm\\Desktop\\EED_3UNIDAD\\controller\\tda\\graph\\graph.py', reloading


09:58:08 AM: INFO [_internal.py:97]  * Restarting with stat


09:58:10 AM: WARNING [_internal.py:97]  * Debugger is active!


09:58:10 AM: INFO [_internal.py:97]  * Debugger PIN: 122-339-387


09:59:10 AM: INFO [_internal.py:97]  * Detected change in 'C:\\Users\\Jatm\\Desktop\\EED_3UNIDAD\\controller\\tda\\graph\\graph.py', reloading


09:59:10 AM: INFO [_internal.py:97]  * Restarting with stat


09:59:12 AM: WARNING [_internal.py:97]  * Debugger is active!


09:59:12 AM: INFO [_internal.py:97]  * Debugger PIN: 122-339-387


10:00:03 AM: INFO [_internal.py:97]  * Detected change in 'C:\\Users\\Jatm\\Desktop\\EED_3UNIDAD\\controller\\tda\\graph\\graph.py', reloading


10:00:03 AM: INFO [_internal.py:97]  * Restarting with stat


10:00:04 AM: WARNING [_internal.py:97]  * Debugger is active!


10:00:04 AM: INFO [_internal.py:97]  * Debugger PIN: 122-339-387


10:01:03 AM: INFO [_internal.py:97]  * Detected change in 'C:\\Users\\Jatm\\Desktop\\EED_3UNIDAD\\controller\\tda\\graph\\graph.py', reloading


10:01:03 AM: INFO [_internal.py:97]  * Restarting with stat


10:01:05 AM: WARNING [_internal.py:97]  * Debugger is active!


10:01:05 AM: INFO [_internal.py:97]  * Debugger PIN: 122-339-387


10:04:40 AM: INFO [_internal.py:97]  * Detected change in 'C:\\Users\\Jatm\\Desktop\\EED_3UNIDAD\\controller\\tda\\graph\\graph.py', reloading


10:04:40 AM: INFO [_internal.py:97]  * Restarting with stat


10:04:42 AM: WARNING [_internal.py:97]  * Debugger is active!


10:04:42 AM: INFO [_internal.py:97]  * Debugger PIN: 122-339-387


10:04:49 AM: INFO [_internal.py:97] [31m[1mWARNING: This is a development server. Do not use it in a production deployment. Use a production WSGI server instead.[0m
 * Running on all addresses (0.0.0.0)
 * Running on http://127.0.0.1:5000
 * Running on http://10.20.142.211:5000


10:04:49 AM: INFO [_internal.py:97] [33mPress CTRL+C to quit[0m


10:04:49 AM: INFO [_internal.py:97]  * Restarting with stat


10:04:49 AM: WARNING [_internal.py:97]  * Debugger is active!


10:04:49 AM: INFO [_internal.py:97]  * Debugger PIN: 122-339-387


10:04:55 AM: INFO [_internal.py:97] 127.0.0.1 - - [27/Jun/2024 10:04:55] "[35m[1mGET /mapas HTTP/1.1[0m" 500 -


10:04:56 AM: INFO [_internal.py:97] 127.0.0.1 - - [27/Jun/2024 10:04:56] "GET /mapas?__debugger__=yes&cmd=resource&f=style.css HTTP/1.1" 200 -


10:04:56 AM: INFO [_internal.py:97] 127.0.0.1 - - [27/Jun/2024 10:04:56] "GET /mapas?__debugger__=yes&cmd=resource&f=debugger.js HTTP/1.1" 200 -


10:04:56 AM: INFO [_internal.py:97] 127.0.0.1 - - [27/Jun/2024 10:04:56] "GET /mapas?__debugger__=yes&cmd=resource&f=console.png HTTP/1.1" 200 -


10:04:56 AM: INFO [_internal.py:97] 127.0.0.1 - - [27/Jun/2024 10:04:56] "[36mGET /mapas?__debugger__=yes&cmd=resource&f=console.png HTTP/1.1[0m" 304 -


10:05:15 AM: INFO [_internal.py:97]  * Detected change in 'C:\\Users\\Jatm\\Desktop\\EED_3UNIDAD\\routes\\router.py', reloading


10:05:15 AM: INFO [_internal.py:97]  * Restarting with stat


10:05:17 AM: WARNING [_internal.py:97]  * Debugger is active!


10:05:17 AM: INFO [_internal.py:97]  * Debugger PIN: 122-339-387


10:05:18 AM: INFO [_internal.py:97] 127.0.0.1 - - [27/Jun/2024 10:05:18] "GET /mapas HTTP/1.1" 200 -


10:05:18 AM: INFO [_internal.py:97] 127.0.0.1 - - [27/Jun/2024 10:05:18] "GET /static/d3/grafo.js HTTP/1.1" 200 -


10:05:18 AM: INFO [_internal.py:97] 127.0.0.1 - - [27/Jun/2024 10:05:18] "GET /static/d3/vis.js HTTP/1.1" 200 -


08:17:36 PM: INFO [_internal.py:97] [31m[1mWARNING: This is a development server. Do not use it in a production deployment. Use a production WSGI server instead.[0m
 * Running on all addresses (0.0.0.0)
 * Running on http://127.0.0.1:5000
 * Running on http://192.168.1.12:5000


08:17:36 PM: INFO [_internal.py:97] [33mPress CTRL+C to quit[0m


08:17:36 PM: INFO [_internal.py:97]  * Restarting with stat


08:17:37 PM: WARNING [_internal.py:97]  * Debugger is active!


08:17:37 PM: INFO [_internal.py:97]  * Debugger PIN: 122-339-387


08:17:49 PM: INFO [_internal.py:97] 127.0.0.1 - - [27/Jun/2024 20:17:49] "GET / HTTP/1.1" 200 -


08:17:49 PM: INFO [_internal.py:97] 127.0.0.1 - - [27/Jun/2024 20:17:49] "[33mGET /images/coffee-beans.png HTTP/1.1[0m" 404 -


08:17:49 PM: INFO [_internal.py:97] 127.0.0.1 - - [27/Jun/2024 20:17:49] "GET /static/css/bootstrap.min.css HTTP/1.1" 200 -


08:17:50 PM: INFO [_internal.py:97] 127.0.0.1 - - [27/Jun/2024 20:17:50] "GET /static/css/vegas.min.css HTTP/1.1" 200 -


08:17:50 PM: INFO [_internal.py:97] 127.0.0.1 - - [27/Jun/2024 20:17:50] "GET /static/css/tooplate-barista.css HTTP/1.1" 200 -


08:17:50 PM: INFO [_internal.py:97] 127.0.0.1 - - [27/Jun/2024 20:17:50] "GET /static/js/bootstrap.min.js HTTP/1.1" 200 -


08:17:50 PM: INFO [_internal.py:97] 127.0.0.1 - - [27/Jun/2024 20:17:50] "GET /static/js/jquery.min.js HTTP/1.1" 200 -


08:17:50 PM: INFO [_internal.py:97] 127.0.0.1 - - [27/Jun/2024 20:17:50] "GET /static/css/bootstrap-icons.css HTTP/1.1" 200 -


08:17:50 PM: INFO [_internal.py:97] 127.0.0.1 - - [27/Jun/2024 20:17:50] "GET /static/fonts/bootstrap-icons.woff2?8d200481aa7f02a2d63a331fc782cfaf HTTP/1.1" 200 -


08:17:50 PM: INFO [_internal.py:97] 127.0.0.1 - - [27/Jun/2024 20:17:50] "GET /static/js/jquery.sticky.js HTTP/1.1" 200 -


08:17:50 PM: INFO [_internal.py:97] 127.0.0.1 - - [27/Jun/2024 20:17:50] "GET /static/js/vegas.min.js HTTP/1.1" 200 -


08:17:50 PM: INFO [_internal.py:97] 127.0.0.1 - - [27/Jun/2024 20:17:50] "GET /static/js/custom.js HTTP/1.1" 200 -


08:17:50 PM: INFO [_internal.py:97] 127.0.0.1 - - [27/Jun/2024 20:17:50] "GET /static/images/young-female-barista-wear-face-mask-serving-take-away-hot-coffee-paper-cup-consumer-cafe.jpg HTTP/1.1" 200 -


08:17:51 PM: INFO [_internal.py:97] 127.0.0.1 - - [27/Jun/2024 20:17:51] "[33mGET /favicon.ico HTTP/1.1[0m" 404 -


08:17:53 PM: INFO [_internal.py:97] 127.0.0.1 - - [27/Jun/2024 20:17:53] "GET /mapas HTTP/1.1" 200 -


08:17:53 PM: INFO [_internal.py:97] 127.0.0.1 - - [27/Jun/2024 20:17:53] "GET /static/d3/grafo.js HTTP/1.1" 200 -


08:17:53 PM: INFO [_internal.py:97] 127.0.0.1 - - [27/Jun/2024 20:17:53] "GET /static/d3/vis.js HTTP/1.1" 200 -


08:18:33 PM: INFO [_internal.py:97]  * Detected change in 'C:\\Users\\Jatm\\Desktop\\EED_3UNIDAD\\controller\\tda\\graph\\graph.py', reloading


08:18:33 PM: INFO [_internal.py:97]  * Restarting with stat


08:18:34 PM: WARNING [_internal.py:97]  * Debugger is active!


08:18:34 PM: INFO [_internal.py:97]  * Debugger PIN: 122-339-387


08:18:47 PM: INFO [_internal.py:97] 127.0.0.1 - - [27/Jun/2024 20:18:47] "GET /mapas HTTP/1.1" 200 -


08:18:47 PM: INFO [_internal.py:97] 127.0.0.1 - - [27/Jun/2024 20:18:47] "[36mGET /static/d3/vis.js HTTP/1.1[0m" 304 -


08:18:47 PM: INFO [_internal.py:97] 127.0.0.1 - - [27/Jun/2024 20:18:47] "GET /static/d3/grafo.js HTTP/1.1" 200 -


08:20:07 PM: INFO [_internal.py:97]  * Detected change in 'C:\\Users\\Jatm\\Desktop\\EED_3UNIDAD\\controller\\tda\\graph\\graph.py', reloading


08:20:07 PM: INFO [_internal.py:97]  * Restarting with stat


08:20:08 PM: WARNING [_internal.py:97]  * Debugger is active!


08:20:08 PM: INFO [_internal.py:97]  * Debugger PIN: 122-339-387


08:20:12 PM: INFO [_internal.py:97] 127.0.0.1 - - [27/Jun/2024 20:20:12] "GET /mapas HTTP/1.1" 200 -


08:20:12 PM: INFO [_internal.py:97] 127.0.0.1 - - [27/Jun/2024 20:20:12] "[36mGET /static/d3/vis.js HTTP/1.1[0m" 304 -


08:20:12 PM: INFO [_internal.py:97] 127.0.0.1 - - [27/Jun/2024 20:20:12] "GET /static/d3/grafo.js HTTP/1.1" 200 -


08:21:24 PM: INFO [_internal.py:97]  * Detected change in 'C:\\Users\\Jatm\\Desktop\\EED_3UNIDAD\\controller\\tda\\graph\\graph.py', reloading


08:21:24 PM: INFO [_internal.py:97]  * Restarting with stat


08:21:25 PM: WARNING [_internal.py:97]  * Debugger is active!


08:21:25 PM: INFO [_internal.py:97]  * Debugger PIN: 122-339-387


08:21:42 PM: INFO [_internal.py:97]  * Detected change in 'C:\\Users\\Jatm\\Desktop\\EED_3UNIDAD\\controller\\tda\\graph\\graph.py', reloading


08:21:42 PM: INFO [_internal.py:97]  * Restarting with stat


08:21:43 PM: WARNING [_internal.py:97]  * Debugger is active!


08:21:43 PM: INFO [_internal.py:97]  * Debugger PIN: 122-339-387


08:21:58 PM: INFO [_internal.py:97] 127.0.0.1 - - [27/Jun/2024 20:21:58] "GET /mapas HTTP/1.1" 200 -


08:21:58 PM: INFO [_internal.py:97] 127.0.0.1 - - [27/Jun/2024 20:21:58] "[36mGET /static/d3/vis.js HTTP/1.1[0m" 304 -


08:21:59 PM: INFO [_internal.py:97] 127.0.0.1 - - [27/Jun/2024 20:21:59] "GET /static/d3/grafo.js HTTP/1.1" 200 -


08:22:11 PM: INFO [_internal.py:97]  * Detected change in 'C:\\Users\\Jatm\\Desktop\\EED_3UNIDAD\\controller\\tda\\graph\\graph.py', reloading


08:22:11 PM: INFO [_internal.py:97]  * Restarting with stat


08:22:12 PM: WARNING [_internal.py:97]  * Debugger is active!


08:22:12 PM: INFO [_internal.py:97]  * Debugger PIN: 122-339-387


08:22:15 PM: INFO [_internal.py:97] 127.0.0.1 - - [27/Jun/2024 20:22:15] "GET /mapas HTTP/1.1" 200 -


08:22:16 PM: INFO [_internal.py:97] 127.0.0.1 - - [27/Jun/2024 20:22:16] "[36mGET /static/d3/vis.js HTTP/1.1[0m" 304 -


08:22:16 PM: INFO [_internal.py:97] 127.0.0.1 - - [27/Jun/2024 20:22:16] "GET /static/d3/grafo.js HTTP/1.1" 200 -


08:22:55 PM: INFO [_internal.py:97]  * Detected change in 'C:\\Users\\Jatm\\Desktop\\EED_3UNIDAD\\view\\main5.py', reloading


08:22:55 PM: INFO [_internal.py:97]  * Restarting with stat


08:22:56 PM: WARNING [_internal.py:97]  * Debugger is active!


08:22:56 PM: INFO [_internal.py:97]  * Debugger PIN: 122-339-387


08:23:01 PM: INFO [_internal.py:97] 127.0.0.1 - - [27/Jun/2024 20:23:01] "GET /mapas HTTP/1.1" 200 -


08:23:02 PM: INFO [_internal.py:97] 127.0.0.1 - - [27/Jun/2024 20:23:02] "[36mGET /static/d3/vis.js HTTP/1.1[0m" 304 -


08:23:02 PM: INFO [_internal.py:97] 127.0.0.1 - - [27/Jun/2024 20:23:02] "GET /static/d3/grafo.js HTTP/1.1" 200 -


08:25:05 PM: INFO [_internal.py:97]  * Detected change in 'C:\\Users\\Jatm\\Desktop\\EED_3UNIDAD\\controller\\tda\\graph\\graph.py', reloading


08:25:05 PM: INFO [_internal.py:97]  * Restarting with stat


08:25:06 PM: WARNING [_internal.py:97]  * Debugger is active!


08:25:06 PM: INFO [_internal.py:97]  * Debugger PIN: 122-339-387


08:26:09 PM: INFO [_internal.py:97]  * Detected change in 'C:\\Users\\Jatm\\Desktop\\EED_3UNIDAD\\controller\\tda\\graph\\graph.py', reloading


08:26:09 PM: INFO [_internal.py:97]  * Restarting with stat


08:26:10 PM: WARNING [_internal.py:97]  * Debugger is active!


08:26:10 PM: INFO [_internal.py:97]  * Debugger PIN: 122-339-387


08:31:00 PM: INFO [_internal.py:97]  * Detected change in 'C:\\Users\\Jatm\\Desktop\\EED_3UNIDAD\\controller\\tda\\graph\\graph.py', reloading


08:31:00 PM: INFO [_internal.py:97]  * Restarting with stat


08:31:01 PM: WARNING [_internal.py:97]  * Debugger is active!


08:31:01 PM: INFO [_internal.py:97]  * Debugger PIN: 122-339-387


08:31:16 PM: INFO [_internal.py:97] 127.0.0.1 - - [27/Jun/2024 20:31:16] "GET /mapas HTTP/1.1" 200 -


08:31:17 PM: INFO [_internal.py:97] 127.0.0.1 - - [27/Jun/2024 20:31:17] "[36mGET /static/d3/vis.js HTTP/1.1[0m" 304 -


08:31:17 PM: INFO [_internal.py:97] 127.0.0.1 - - [27/Jun/2024 20:31:17] "GET /static/d3/grafo.js HTTP/1.1" 200 -


08:31:57 PM: INFO [_internal.py:97]  * Detected change in 'C:\\Users\\Jatm\\Desktop\\EED_3UNIDAD\\view\\main5.py', reloading


08:31:57 PM: INFO [_internal.py:97]  * Restarting with stat


08:31:58 PM: WARNING [_internal.py:97]  * Debugger is active!


08:31:58 PM: INFO [_internal.py:97]  * Debugger PIN: 122-339-387


08:32:02 PM: INFO [_internal.py:97] 127.0.0.1 - - [27/Jun/2024 20:32:02] "GET /mapas HTTP/1.1" 200 -


08:32:03 PM: INFO [_internal.py:97] 127.0.0.1 - - [27/Jun/2024 20:32:03] "[36mGET /static/d3/vis.js HTTP/1.1[0m" 304 -


08:32:03 PM: INFO [_internal.py:97] 127.0.0.1 - - [27/Jun/2024 20:32:03] "GET /static/d3/grafo.js HTTP/1.1" 200 -


08:32:49 PM: INFO [_internal.py:97]  * Detected change in 'C:\\Users\\Jatm\\Desktop\\EED_3UNIDAD\\view\\main5.py', reloading


08:32:49 PM: INFO [_internal.py:97]  * Restarting with stat


08:32:50 PM: WARNING [_internal.py:97]  * Debugger is active!


08:32:50 PM: INFO [_internal.py:97]  * Debugger PIN: 122-339-387


08:32:50 PM: INFO [_internal.py:97]  * Detected change in 'C:\\Users\\Jatm\\Desktop\\EED_3UNIDAD\\view\\main5.py', reloading


08:32:50 PM: INFO [_internal.py:97]  * Restarting with stat


08:32:51 PM: WARNING [_internal.py:97]  * Debugger is active!


08:32:51 PM: INFO [_internal.py:97]  * Debugger PIN: 122-339-387


08:32:57 PM: INFO [_internal.py:97] 127.0.0.1 - - [27/Jun/2024 20:32:57] "GET /mapas HTTP/1.1" 200 -


08:32:58 PM: INFO [_internal.py:97] 127.0.0.1 - - [27/Jun/2024 20:32:58] "[36mGET /static/d3/vis.js HTTP/1.1[0m" 304 -


08:32:58 PM: INFO [_internal.py:97] 127.0.0.1 - - [27/Jun/2024 20:32:58] "GET /static/d3/grafo.js HTTP/1.1" 200 -


08:33:05 PM: INFO [_internal.py:97]  * Detected change in 'C:\\Users\\Jatm\\Desktop\\EED_3UNIDAD\\view\\main5.py', reloading


08:33:05 PM: INFO [_internal.py:97]  * Restarting with stat


08:33:06 PM: WARNING [_internal.py:97]  * Debugger is active!


08:33:06 PM: INFO [_internal.py:97]  * Debugger PIN: 122-339-387


08:33:08 PM: INFO [_internal.py:97] 127.0.0.1 - - [27/Jun/2024 20:33:08] "GET /mapas HTTP/1.1" 200 -


08:33:09 PM: INFO [_internal.py:97] 127.0.0.1 - - [27/Jun/2024 20:33:09] "[36mGET /static/d3/vis.js HTTP/1.1[0m" 304 -


08:33:09 PM: INFO [_internal.py:97] 127.0.0.1 - - [27/Jun/2024 20:33:09] "GET /static/d3/grafo.js HTTP/1.1" 200 -


08:33:52 PM: INFO [_internal.py:97]  * Detected change in 'C:\\Users\\Jatm\\Desktop\\EED_3UNIDAD\\view\\main5.py', reloading


08:33:52 PM: INFO [_internal.py:97]  * Restarting with stat


08:33:53 PM: WARNING [_internal.py:97]  * Debugger is active!


08:33:53 PM: INFO [_internal.py:97]  * Debugger PIN: 122-339-387


08:33:56 PM: INFO [_internal.py:97] 127.0.0.1 - - [27/Jun/2024 20:33:56] "GET /mapas HTTP/1.1" 200 -


08:33:57 PM: INFO [_internal.py:97] 127.0.0.1 - - [27/Jun/2024 20:33:57] "[36mGET /static/d3/vis.js HTTP/1.1[0m" 304 -


08:33:57 PM: INFO [_internal.py:97] 127.0.0.1 - - [27/Jun/2024 20:33:57] "GET /static/d3/grafo.js HTTP/1.1" 200 -


08:50:55 PM: INFO [_internal.py:97]  * Detected change in 'C:\\Users\\Jatm\\Desktop\\EED_3UNIDAD\\controller\\tda\\graph\\graphManaged.py', reloading


08:50:55 PM: INFO [_internal.py:97]  * Restarting with stat


08:50:56 PM: WARNING [_internal.py:97]  * Debugger is active!


08:50:56 PM: INFO [_internal.py:97]  * Debugger PIN: 122-339-387


08:51:00 PM: INFO [_internal.py:97] 127.0.0.1 - - [27/Jun/2024 20:51:00] "GET /mapas HTTP/1.1" 200 -


08:51:00 PM: INFO [_internal.py:97] 127.0.0.1 - - [27/Jun/2024 20:51:00] "[36mGET /static/d3/vis.js HTTP/1.1[0m" 304 -


08:51:00 PM: INFO [_internal.py:97] 127.0.0.1 - - [27/Jun/2024 20:51:00] "GET /static/d3/grafo.js HTTP/1.1" 200 -
